[INFO   ] Logger: Record log in /storage/emulated/0/Pydroid/Gacha Sim (Kivy w ChatGPT) 2/.kivy/logs/kivy_25-03-01_0.txt
[INFO   ] Kivy: v2.2.1
[INFO   ] Kivy: Installed at "/data/user/0/ru.iiec.pydroid3/files/aarch64-linux-android/lib/python3.11/site-packages/kivy/__init__.py"
[INFO   ] Python: v3.11.4 (main, Sep 30 2023, 10:54:38) [GCC 11.4.0]
[INFO   ] Python: Interpreter at "/data/user/0/ru.iiec.pydroid3/files/aarch64-linux-android/bin/python3"
[INFO   ] Logger: Purge log fired. Processing...
[INFO   ] Logger: Purge finished!
[INFO   ] Factory: 190 symbols loaded
[INFO   ] Image: Providers: img_tex, img_dds, img_sdl2, img_pil (img_ffpyplayer ignored)
[INFO   ] Window: Provider: sdl2
[INFO   ] GL: Using the "OpenGL ES 2" graphics system
[INFO   ] GL: Backend used <sdl2>
[INFO   ] GL: OpenGL version <b'OpenGL ES 3.2 V@0502.0 (GIT@704ecd9a2b, Ib3f3e69395, 1609240670) (Date:12/29/20)'>
[INFO   ] GL: OpenGL vendor <b'Qualcomm'>
[INFO   ] GL: OpenGL renderer <b'Adreno (TM) 610'>
[INFO   ] GL: OpenGL parsed version: 3, 2
[INFO   ] GL: Texture max size <16384>
[INFO   ] GL: Texture max units <16>
[INFO   ] Window: auto add sdl2 input provider
[INFO   ] Window: virtual keyboard not allowed, single mode, not docked
[INFO   ] Text: Provider: sdl2
[WARNING] stderr: Traceback (most recent call last):
[WARNING] stderr:   File "/data/user/0/ru.iiec.pydroid3/files/aarch64-linux-android/lib/python3.11/site-packages/kivy/lang/builder.py", line 240, in create_handler
[WARNING] stderr:     return eval(value, idmap), bound_list
[WARNING] stderr:            ^^^^^^^^^^^^^^^^^^
[WARNING] stderr:   File "/storage/emulated/0/Pydroid/Gacha Sim (Kivy w ChatGPT) 2/main.kv", line 26, in <module>
[WARNING] stderr:     text: Other
[WARNING] stderr: 
[WARNING] stderr: NameError: name 'Other' is not defined. Did you mean: 'iter'?
[WARNING] stderr: 
[WARNING] stderr: During handling of the above exception, another exception occurred:
[WARNING] stderr: 
[WARNING] stderr: Traceback (most recent call last):
[WARNING] stderr:   File "/data/user/0/ru.iiec.pydroid3/files/aarch64-linux-android/lib/python3.11/site-packages/kivy/lang/builder.py", line 694, in _apply_rule
[WARNING] stderr:     value, bound = create_handler(
[WARNING] stderr:                    ^^^^^^^^^^^^^^^
[WARNING] stderr:   File "/data/user/0/ru.iiec.pydroid3/files/aarch64-linux-android/lib/python3.11/site-packages/kivy/lang/builder.py", line 243, in create_handler
[WARNING] stderr:     raise BuilderException(rule.ctx, rule.line,
[WARNING] stderr: kivy.lang.builder.BuilderException: Parser: File "/storage/emulated/0/Pydroid/Gacha Sim (Kivy w ChatGPT) 2/main.kv", line 26:
[WARNING] stderr: ...
[WARNING] stderr:      24:            orientation: "vertical"
[WARNING] stderr:      25:            Button:
[WARNING] stderr: >>   26:            	text: Other
[WARNING] stderr:      27:            	size_hint: 1, 0.2
[WARNING] stderr:      28:            Button:
[WARNING] stderr: ...
[WARNING] stderr: NameError: name 'Other' is not defined
[WARNING] stderr:   File "/data/user/0/ru.iiec.pydroid3/files/aarch64-linux-android/lib/python3.11/site-packages/kivy/lang/builder.py", line 240, in create_handler
[WARNING] stderr:     return eval(value, idmap), bound_list
[WARNING] stderr:            ^^^^^^^^^^^^^^^^^^
[WARNING] stderr:   File "/storage/emulated/0/Pydroid/Gacha Sim (Kivy w ChatGPT) 2/main.kv", line 26, in <module>
[WARNING] stderr:     text: Other
[WARNING] stderr:     ^^^^^
[WARNING] stderr: 
[WARNING] stderr: 
[WARNING] stderr: During handling of the above exception, another exception occurred:
[WARNING] stderr: 
[WARNING] stderr: Traceback (most recent call last):
[WARNING] stderr:   File "/storage/emulated/0/Pydroid/Gacha Sim (Kivy w ChatGPT) 2/main.py", line 128, in <module>
[WARNING] stderr:     GachaApp().run()
[WARNING] stderr:   File "/data/user/0/ru.iiec.pydroid3/files/aarch64-linux-android/lib/python3.11/site-packages/kivy/app.py", line 955, in run
[WARNING] stderr:     self._run_prepare()
[WARNING] stderr:   File "/data/user/0/ru.iiec.pydroid3/files/aarch64-linux-android/lib/python3.11/site-packages/kivy/app.py", line 925, in _run_prepare
[WARNING] stderr:     root = self.build()
[WARNING] stderr:            ^^^^^^^^^^^^
[WARNING] stderr:   File "/storage/emulated/0/Pydroid/Gacha Sim (Kivy w ChatGPT) 2/main.py", line 124, in build
[WARNING] stderr:     return Builder.load_file("main.kv")
[WARNING] stderr:            ^^^^^^^^^^^^^^^^^^^^^^^^^^^^
[WARNING] stderr:   File "/data/user/0/ru.iiec.pydroid3/files/aarch64-linux-android/lib/python3.11/site-packages/kivy/lang/builder.py", line 305, in load_file
[WARNING] stderr:     return self.load_string(data, **kwargs)
[WARNING] stderr:            ^^^^^^^^^^^^^^^^^^^^^^^^^^^^^^^^
[WARNING] stderr:   File "/data/user/0/ru.iiec.pydroid3/files/aarch64-linux-android/lib/python3.11/site-packages/kivy/lang/builder.py", line 407, in load_string
[WARNING] stderr:     self._apply_rule(
[WARNING] stderr:   File "/data/user/0/ru.iiec.pydroid3/files/aarch64-linux-android/lib/python3.11/site-packages/kivy/lang/builder.py", line 660, in _apply_rule
[WARNING] stderr:     child.apply_class_lang_rules(
[WARNING] stderr:   File "/data/user/0/ru.iiec.pydroid3/files/aarch64-linux-android/lib/python3.11/site-packages/kivy/uix/widget.py", line 470, in apply_class_lang_rules
[WARNING] stderr:     Builder.apply(
[WARNING] stderr:   File "/data/user/0/ru.iiec.pydroid3/files/aarch64-linux-android/lib/python3.11/site-packages/kivy/lang/builder.py", line 540, in apply
[WARNING] stderr:     self._apply_rule(
[WARNING] stderr:   File "/data/user/0/ru.iiec.pydroid3/files/aarch64-linux-android/lib/python3.11/site-packages/kivy/lang/builder.py", line 709, in _apply_rule
[WARNING] stderr:     raise BuilderException(rule.ctx, rule.line,
[WARNING] stderr: kivy.lang.builder.BuilderException: Parser: File "/storage/emulated/0/Pydroid/Gacha Sim (Kivy w ChatGPT) 2/main.kv", line 26:
[WARNING] stderr: ...
[WARNING] stderr:      24:            orientation: "vertical"
[WARNING] stderr:      25:            Button:
[WARNING] stderr: >>   26:            	text: Other
[WARNING] stderr:      27:            	size_hint: 1, 0.2
[WARNING] stderr:      28:            Button:
[WARNING] stderr: ...
[WARNING] stderr: BuilderException: Parser: File "/storage/emulated/0/Pydroid/Gacha Sim (Kivy w ChatGPT) 2/main.kv", line 26:
[WARNING] stderr: ...
[WARNING] stderr:      24:            orientation: "vertical"
[WARNING] stderr:      25:            Button:
[WARNING] stderr: >>   26:            	text: Other
[WARNING] stderr:      27:            	size_hint: 1, 0.2
[WARNING] stderr:      28:            Button:
[WARNING] stderr: ...
[WARNING] stderr: NameError: name 'Other' is not defined
[WARNING] stderr:   File "/data/user/0/ru.iiec.pydroid3/files/aarch64-linux-android/lib/python3.11/site-packages/kivy/lang/builder.py", line 240, in create_handler
[WARNING] stderr:     return eval(value, idmap), bound_list
[WARNING] stderr:            ^^^^^^^^^^^^^^^^^^
[WARNING] stderr:   File "/storage/emulated/0/Pydroid/Gacha Sim (Kivy w ChatGPT) 2/main.kv", line 26, in <module>
[WARNING] stderr:     text: Other
[WARNING] stderr:     ^^^^^
[WARNING] stderr: 
[WARNING] stderr:   File "/data/user/0/ru.iiec.pydroid3/files/aarch64-linux-android/lib/python3.11/site-packages/kivy/lang/builder.py", line 694, in _apply_rule
[WARNING] stderr:     value, bound = create_handler(
[WARNING] stderr:                    ^^^^^^^^^^^^^^^
[WARNING] stderr:   File "/data/user/0/ru.iiec.pydroid3/files/aarch64-linux-android/lib/python3.11/site-packages/kivy/lang/builder.py", line 243, in create_handler
[WARNING] stderr:     raise BuilderException(rule.ctx, rule.line,
[WARNING] stderr: 
